time="2023-02-21T17:16:19+08:00" level=info msg="日志初始化服务完成!"
time="2023-02-21T17:16:19+08:00" level=info msg="配置文件初始化，文件地址：config/config.yaml"
time="2023-02-21T17:16:19+08:00" level=info msg="配置文件初始化完成！"
time="2023-02-21T17:16:19+08:00" level=info msg="代码生成开始执行"
time="2023-02-21T17:16:19+08:00" level=info msg="开始生成项目代码"
time="2023-02-21T17:16:19+08:00" level=info msg="项目代码生成成功"
time="2023-02-21T17:16:19+08:00" level=info msg="生成数据库代码"
time="2023-02-21T17:16:19+08:00" level=error msg="Error 1049: Unknown database 'xxx'"
time="2023-02-21T17:16:19+08:00" level=error msg="Error 1049: Unknown database 'xxx'"
time="2023-02-21T17:16:19+08:00" level=error msg="Error 1049: Unknown database 'xxx'"
time="2023-02-21T17:16:19+08:00" level=error msg="Error 1049: Unknown database 'xxx'"
time="2023-02-21T17:17:22+08:00" level=info msg="日志初始化服务完成!"
time="2023-02-21T17:17:22+08:00" level=info msg="配置文件初始化，文件地址：config/config.yaml"
time="2023-02-21T17:17:22+08:00" level=info msg="配置文件初始化完成！"
time="2023-02-21T17:17:22+08:00" level=info msg="代码生成开始执行"
time="2023-02-21T17:17:22+08:00" level=info msg="开始生成项目代码"
time="2023-02-21T17:17:22+08:00" level=info msg="项目代码生成成功"
time="2023-02-21T17:17:22+08:00" level=info msg="生成数据库代码"
time="2023-02-21T17:17:22+08:00" level=error msg="Error 1049: Unknown database 'xxx'"
time="2023-02-21T17:17:22+08:00" level=error msg="Error 1049: Unknown database 'xxx'"
time="2023-02-21T17:17:22+08:00" level=error msg="error occur during getting the tables: Error 1049: Unknown database 'xxx'"
time="2023-02-21T17:17:22+08:00" level=error msg="Error 1049: Unknown database 'xxx'"
time="2023-02-21T17:22:04+08:00" level=info msg="日志初始化服务完成!"
time="2023-02-21T17:22:13+08:00" level=info msg="配置文件初始化，文件地址：config/config.yaml"
time="2023-02-21T17:22:17+08:00" level=info msg="配置文件初始化完成！"
time="2023-02-21T17:22:20+08:00" level=info msg="代码生成开始执行"
time="2023-02-21T17:22:20+08:00" level=info msg="开始生成项目代码"
time="2023-02-21T17:22:27+08:00" level=info msg="项目代码生成成功"
time="2023-02-21T17:22:27+08:00" level=info msg="生成数据库代码"
time="2023-02-21T17:22:27+08:00" level=error msg="Error 1049: Unknown database 'xxx'"
time="2023-02-21T17:22:27+08:00" level=error msg="Error 1049: Unknown database 'xxx'"
time="2023-02-21T17:22:27+08:00" level=error msg="error occur during getting the tables: Error 1049: Unknown database 'xxx'"
time="2023-02-21T17:22:39+08:00" level=error msg="Error 1049: Unknown database 'xxx'"
time="2023-02-21T17:23:56+08:00" level=info msg="日志初始化服务完成!"
time="2023-02-21T17:23:56+08:00" level=info msg="配置文件初始化，文件地址：config/config.yaml"
time="2023-02-21T17:23:56+08:00" level=info msg="配置文件初始化完成！"
time="2023-02-21T17:23:56+08:00" level=info msg="代码生成开始执行"
time="2023-02-21T17:23:56+08:00" level=info msg="开始生成项目代码"
time="2023-02-21T17:23:56+08:00" level=info msg="项目代码生成成功"
time="2023-02-21T17:23:56+08:00" level=info msg="生成数据库代码"
time="2023-02-21T17:23:56+08:00" level=error msg="Error 1049: Unknown database 'xxx'"
time="2023-02-21T17:23:56+08:00" level=error msg="error occur during getting the tables: Error 1049: Unknown database 'xxx'"
time="2023-02-21T17:23:56+08:00" level=error msg="Error 1049: Unknown database 'xxx'"
time="2023-02-21T17:25:00+08:00" level=info msg="日志初始化服务完成!"
time="2023-02-21T17:25:00+08:00" level=info msg="配置文件初始化，文件地址：config/config.yaml"
time="2023-02-21T17:25:00+08:00" level=info msg="配置文件初始化完成！"
time="2023-02-21T17:25:00+08:00" level=info msg="代码生成开始执行"
time="2023-02-21T17:25:00+08:00" level=info msg="开始生成项目代码"
time="2023-02-21T17:25:00+08:00" level=info msg="项目代码生成成功"
time="2023-02-21T17:25:00+08:00" level=info msg="生成数据库代码"
time="2023-02-21T17:25:00+08:00" level=error msg="Error 1049: Unknown database 'xxx'"
time="2023-02-21T17:25:00+08:00" level=error msg="error occur during getting the tables: Error 1049: Unknown database 'xxx'"
time="2023-02-21T17:25:00+08:00" level=error msg="Error 1049: Unknown database 'xxx'"
